<?xml version="1.0" encoding="UTF-8"?>
<!-- Generated by org.testng.reporters.JUnitXMLReporter -->
<testsuite ignored="0" hostname="DESKTOP-0N88LAP" failures="4" tests="8" name="Amazon Web Application - chrome" time="178.091" errors="0" timestamp="2021-10-03T10:58:50 IST">
  <testcase classname="com.qa.testscript.TC_AmazonSearchItem_002" name="SearchItem" time="28.037">
    <failure type="java.lang.AssertionError" message="The following asserts failed:
	expected [true] but found [false]">
      <![CDATA[java.lang.AssertionError: The following asserts failed:
expected [true] but found [false]
at com.qa.testscript.TC_AmazonSearchItem_002.SearchItem(TC_AmazonSearchItem_002.java:55)
at java.base/java.util.concurrent.ThreadPoolExecutor.runWorker(ThreadPoolExecutor.java:1130)
at java.base/java.util.concurrent.ThreadPoolExecutor$Worker.run(ThreadPoolExecutor.java:630)
at java.base/java.lang.Thread.run(Thread.java:832)
... Removed 14 stack frames]]>
    </failure>
  </testcase> <!-- SearchItem -->
  <testcase classname="com.qa.testscript.TC_AmazonRegistration_002" name="newRegistration" time="30.929"/>
  <testcase classname="com.qa.testscript.TC_AmazonRegistration_002" name="newRegistration" time="22.3"/>
  <testcase classname="com.qa.testscript.TC_AmazonSearchItem_002" name="SearchItem" time="26.703">
    <failure type="java.lang.AssertionError" message="The following asserts failed:
	expected [true] but found [false]">
      <![CDATA[java.lang.AssertionError: The following asserts failed:
expected [true] but found [false]
at com.qa.testscript.TC_AmazonSearchItem_002.SearchItem(TC_AmazonSearchItem_002.java:55)
at java.base/java.util.concurrent.ThreadPoolExecutor.runWorker(ThreadPoolExecutor.java:1130)
at java.base/java.util.concurrent.ThreadPoolExecutor$Worker.run(ThreadPoolExecutor.java:630)
at java.base/java.lang.Thread.run(Thread.java:832)
... Removed 14 stack frames]]>
    </failure>
  </testcase> <!-- SearchItem -->
  <testcase classname="com.qa.testscript.TC_AmazonRegistration_002" name="newRegistration" time="28.084"/>
  <testcase classname="com.qa.testscript.TC_AmazonSearchItem_002" name="SearchItem" time="36.679">
    <failure type="java.lang.AssertionError" message="The following asserts failed:
	expected [true] but found [false]">
      <![CDATA[java.lang.AssertionError: The following asserts failed:
expected [true] but found [false]
at com.qa.testscript.TC_AmazonSearchItem_002.SearchItem(TC_AmazonSearchItem_002.java:55)
at java.base/java.util.concurrent.ThreadPoolExecutor.runWorker(ThreadPoolExecutor.java:1130)
at java.base/java.util.concurrent.ThreadPoolExecutor$Worker.run(ThreadPoolExecutor.java:630)
at java.base/java.lang.Thread.run(Thread.java:832)
... Removed 14 stack frames]]>
    </failure>
  </testcase> <!-- SearchItem -->
  <testcase classname="com.qa.testscript.TC_AmazonSearchItem_002" name="SearchItem" time="3.025">
    <failure type="org.openqa.selenium.NoSuchElementException" message="Cannot locate element with text: HomeAppliances
For documentation on this error, please visit: https://www.seleniumhq.org/exceptions/no_such_element.html
Build info: version: &amp;apos;3.141.59&amp;apos;, revision: &amp;apos;e82be7d358&amp;apos;, time: &amp;apos;2018-11-14T08:17:03&amp;apos;
System info: host: &amp;apos;DESKTOP-0N88LAP&amp;apos;, ip: &amp;apos;192.168.1.101&amp;apos;, os.name: &amp;apos;Windows 10&amp;apos;, os.arch: &amp;apos;amd64&amp;apos;, os.version: &amp;apos;10.0&amp;apos;, java.version: &amp;apos;15.0.1&amp;apos;
Driver info: driver.version: unknown">
      <![CDATA[org.openqa.selenium.NoSuchElementException: Cannot locate element with text: HomeAppliances
For documentation on this error, please visit: https://www.seleniumhq.org/exceptions/no_such_element.html
Build info: version: '3.141.59', revision: 'e82be7d358', time: '2018-11-14T08:17:03'
System info: host: 'DESKTOP-0N88LAP', ip: '192.168.1.101', os.name: 'Windows 10', os.arch: 'amd64', os.version: '10.0', java.version: '15.0.1'
Driver info: driver.version: unknown
at org.openqa.selenium.support.ui.Select.selectByVisibleText(Select.java:147)
at com.qa.testscript.TC_AmazonSearchItem_002.SearchItem(TC_AmazonSearchItem_002.java:24)
at java.base/java.util.concurrent.ThreadPoolExecutor.runWorker(ThreadPoolExecutor.java:1130)
at java.base/java.util.concurrent.ThreadPoolExecutor$Worker.run(ThreadPoolExecutor.java:630)
at java.base/java.lang.Thread.run(Thread.java:832)
... Removed 12 stack frames]]>
    </failure>
  </testcase> <!-- SearchItem -->
  <testcase classname="com.qa.testscript.TC_AmazonRegistration_002" name="newRegistration" time="26.108"/>
</testsuite> <!-- Amazon Web Application - chrome -->
